Determining if the pthread_create exist failed with the following output:
Change Dir: /home/stein/Desktop/Herkansing_opencv/src/open_cv/build/CMakeFiles/CMakeTmp

Run Build Command:"/usr/bin/make" "cmTC_92613/fast"
/usr/bin/make -f CMakeFiles/cmTC_92613.dir/build.make CMakeFiles/cmTC_92613.dir/build
make[1]: Entering directory '/home/stein/Desktop/Herkansing_opencv/src/open_cv/build/CMakeFiles/CMakeTmp'
Building C object CMakeFiles/cmTC_92613.dir/CheckSymbolExists.c.o
/usr/bin/clang-6.0    -o CMakeFiles/cmTC_92613.dir/CheckSymbolExists.c.o   -c /home/stein/Desktop/Herkansing_opencv/src/open_cv/build/CMakeFiles/CMakeTmp/CheckSymbolExists.c
Linking C executable cmTC_92613
/usr/bin/cmake -E cmake_link_script CMakeFiles/cmTC_92613.dir/link.txt --verbose=1
/usr/bin/clang-6.0      -rdynamic CMakeFiles/cmTC_92613.dir/CheckSymbolExists.c.o  -o cmTC_92613 
CMakeFiles/cmTC_92613.dir/CheckSymbolExists.c.o: In function `main':
CheckSymbolExists.c:(.text+0x19): undefined reference to `pthread_create'
clang: error: linker command failed with exit code 1 (use -v to see invocation)
CMakeFiles/cmTC_92613.dir/build.make:97: recipe for target 'cmTC_92613' failed
make[1]: *** [cmTC_92613] Error 1
make[1]: Leaving directory '/home/stein/Desktop/Herkansing_opencv/src/open_cv/build/CMakeFiles/CMakeTmp'
Makefile:126: recipe for target 'cmTC_92613/fast' failed
make: *** [cmTC_92613/fast] Error 2

File /home/stein/Desktop/Herkansing_opencv/src/open_cv/build/CMakeFiles/CMakeTmp/CheckSymbolExists.c:
/* */
#include <pthread.h>

int main(int argc, char** argv)
{
  (void)argv;
#ifndef pthread_create
  return ((int*)(&pthread_create))[argc];
#else
  (void)argc;
  return 0;
#endif
}

Determining if the function pthread_create exists in the pthreads failed with the following output:
Change Dir: /home/stein/Desktop/Herkansing_opencv/src/open_cv/build/CMakeFiles/CMakeTmp

Run Build Command:"/usr/bin/make" "cmTC_582c6/fast"
/usr/bin/make -f CMakeFiles/cmTC_582c6.dir/build.make CMakeFiles/cmTC_582c6.dir/build
make[1]: Entering directory '/home/stein/Desktop/Herkansing_opencv/src/open_cv/build/CMakeFiles/CMakeTmp'
Building C object CMakeFiles/cmTC_582c6.dir/CheckFunctionExists.c.o
/usr/bin/clang-6.0   -DCHECK_FUNCTION_EXISTS=pthread_create   -o CMakeFiles/cmTC_582c6.dir/CheckFunctionExists.c.o   -c /usr/share/cmake-3.10/Modules/CheckFunctionExists.c
Linking C executable cmTC_582c6
/usr/bin/cmake -E cmake_link_script CMakeFiles/cmTC_582c6.dir/link.txt --verbose=1
/usr/bin/clang-6.0  -DCHECK_FUNCTION_EXISTS=pthread_create    -rdynamic CMakeFiles/cmTC_582c6.dir/CheckFunctionExists.c.o  -o cmTC_582c6 -lpthreads 
/usr/bin/ld: cannot find -lpthreads
clang: error: linker command failed with exit code 1 (use -v to see invocation)
CMakeFiles/cmTC_582c6.dir/build.make:97: recipe for target 'cmTC_582c6' failed
make[1]: *** [cmTC_582c6] Error 1
make[1]: Leaving directory '/home/stein/Desktop/Herkansing_opencv/src/open_cv/build/CMakeFiles/CMakeTmp'
Makefile:126: recipe for target 'cmTC_582c6/fast' failed
make: *** [cmTC_582c6/fast] Error 2


